\BOOKMARK [1][-]{section.0.1}{Anforderungsspezifikation}{}% 1
\BOOKMARK [2][-]{subsection.0.1.1}{Initiale Kundenvorgaben}{section.0.1}% 2
\BOOKMARK [2][-]{subsection.0.1.2}{Produktvision}{section.0.1}% 3
\BOOKMARK [2][-]{subsection.0.1.3}{Liste der funktionalen Anforderungen}{section.0.1}% 4
\BOOKMARK [2][-]{subsection.0.1.4}{Liste der nicht-funktionalen Anforderungen}{section.0.1}% 5
\BOOKMARK [2][-]{subsection.0.1.5}{Weitere Zuarbeiten zum Produktvisions-Workshop}{section.0.1}% 6
\BOOKMARK [2][-]{subsection.0.1.6}{Liste der Kundengespr\344che mit Ergebnissen}{section.0.1}% 7
\BOOKMARK [1][-]{section.0.2}{Architektur und Entwurf}{}% 8
\BOOKMARK [2][-]{subsection.0.2.1}{Zuarbeiten der Teammitglieder}{section.0.2}% 9
\BOOKMARK [2][-]{subsection.0.2.2}{Entscheidungen des Technologieworkshops}{section.0.2}% 10
\BOOKMARK [2][-]{subsection.0.2.3}{\334berblick \374ber Architektur}{section.0.2}% 11
\BOOKMARK [2][-]{subsection.0.2.4}{Definierte Schnittstellen}{section.0.2}% 12
\BOOKMARK [2][-]{subsection.0.2.5}{Liste der Architekturentscheidungen}{section.0.2}% 13
\BOOKMARK [1][-]{section.0.3}{Prozess- und Implementationsvorgaben}{}% 14
\BOOKMARK [2][-]{subsection.0.3.1}{Definition of Done}{section.0.3}% 15
\BOOKMARK [2][-]{subsection.0.3.2}{Coding Style}{section.0.3}% 16
\BOOKMARK [2][-]{subsection.0.3.3}{Zu nutzende Werkzeuge}{section.0.3}% 17
\BOOKMARK [1][-]{section.0.4}{Sprint 1}{}% 18
\BOOKMARK [2][-]{subsection.0.4.1}{Ziel des Sprints}{section.0.4}% 19
\BOOKMARK [2][-]{subsection.0.4.2}{User-Stories des Sprint-Backlogs}{section.0.4}% 20
\BOOKMARK [2][-]{subsection.0.4.3}{Liste der durchgef\374hrten Meetings}{section.0.4}% 21
\BOOKMARK [2][-]{subsection.0.4.4}{Ergebnisse des Planning-Meetings}{section.0.4}% 22
\BOOKMARK [2][-]{subsection.0.4.5}{Aufgewendete Arbeitszeit pro Person+Arbeitspaket}{section.0.4}% 23
\BOOKMARK [2][-]{subsection.0.4.6}{Konkrete Code-Qualit\344t im Sprint}{section.0.4}% 24
\BOOKMARK [2][-]{subsection.0.4.7}{Konkrete Test-\334berdeckung im Sprint}{section.0.4}% 25
\BOOKMARK [2][-]{subsection.0.4.8}{Ergebnisse des Reviews}{section.0.4}% 26
\BOOKMARK [2][-]{subsection.0.4.9}{Ergebnisse der Retrospektive}{section.0.4}% 27
\BOOKMARK [2][-]{subsection.0.4.10}{Abschlie\337ende Einsch\344tzung des Product-Owners}{section.0.4}% 28
\BOOKMARK [2][-]{subsection.0.4.11}{Abschlie\337ende Einsch\344tzung des Software-Architekten}{section.0.4}% 29
\BOOKMARK [2][-]{subsection.0.4.12}{Abschlie\337ende Einsch\344tzung des Team-Managers}{section.0.4}% 30
\BOOKMARK [1][-]{section.0.5}{Sprint 2}{}% 31
\BOOKMARK [2][-]{subsection.0.5.1}{Ziel des Sprints}{section.0.5}% 32
\BOOKMARK [2][-]{subsection.0.5.2}{User-Stories des Sprint-Backlogs}{section.0.5}% 33
\BOOKMARK [2][-]{subsection.0.5.3}{Liste der durchgef\374hrten Meetings}{section.0.5}% 34
\BOOKMARK [2][-]{subsection.0.5.4}{Ergebnisse des Planning-Meetings}{section.0.5}% 35
\BOOKMARK [2][-]{subsection.0.5.5}{Aufgewendete Arbeitszeit pro Person+Arbeitspaket}{section.0.5}% 36
\BOOKMARK [2][-]{subsection.0.5.6}{Konkrete Code-Qualit\344t im Sprint}{section.0.5}% 37
\BOOKMARK [2][-]{subsection.0.5.7}{Konkrete Test-\334berdeckung im Sprint}{section.0.5}% 38
\BOOKMARK [2][-]{subsection.0.5.8}{Ergebnisse des Reviews}{section.0.5}% 39
\BOOKMARK [2][-]{subsection.0.5.9}{Ergebnisse der Retrospektive}{section.0.5}% 40
\BOOKMARK [2][-]{subsection.0.5.10}{Abschlie\337ende Einsch\344tzung des Product-Owners}{section.0.5}% 41
\BOOKMARK [2][-]{subsection.0.5.11}{Abschlie\337ende Einsch\344tzung des Software-Architekten}{section.0.5}% 42
\BOOKMARK [2][-]{subsection.0.5.12}{Abschlie\337ende Einsch\344tzung des Team-Managers}{section.0.5}% 43
\BOOKMARK [1][-]{section.0.6}{Sprint 3}{}% 44
\BOOKMARK [2][-]{subsection.0.6.1}{Ziel des Sprints}{section.0.6}% 45
\BOOKMARK [2][-]{subsection.0.6.2}{User-Stories des Sprint-Backlogs}{section.0.6}% 46
\BOOKMARK [2][-]{subsection.0.6.3}{Liste der durchgef\374hrten Meetings}{section.0.6}% 47
\BOOKMARK [2][-]{subsection.0.6.4}{Ergebnisse des Planning-Meetings}{section.0.6}% 48
\BOOKMARK [2][-]{subsection.0.6.5}{Aufgewendete Arbeitszeit pro Person+Arbeitspaket}{section.0.6}% 49
\BOOKMARK [2][-]{subsection.0.6.6}{Konkrete Code-Qualit\344t im Sprint}{section.0.6}% 50
\BOOKMARK [2][-]{subsection.0.6.7}{Konkrete Test-\334berdeckung im Sprint}{section.0.6}% 51
\BOOKMARK [2][-]{subsection.0.6.8}{Ergebnisse des Reviews}{section.0.6}% 52
\BOOKMARK [2][-]{subsection.0.6.9}{Ergebnisse der Retrospektive}{section.0.6}% 53
\BOOKMARK [2][-]{subsection.0.6.10}{Abschlie\337ende Einsch\344tzung des Product-Owners}{section.0.6}% 54
\BOOKMARK [2][-]{subsection.0.6.11}{Abschlie\337ende Einsch\344tzung des Software-Architekten}{section.0.6}% 55
\BOOKMARK [2][-]{subsection.0.6.12}{Abschlie\337ende Einsch\344tzung des Team-Managers}{section.0.6}% 56
\BOOKMARK [1][-]{section.0.7}{Sprint 4}{}% 57
\BOOKMARK [2][-]{subsection.0.7.1}{Ziel des Sprints}{section.0.7}% 58
\BOOKMARK [2][-]{subsection.0.7.2}{User-Stories des Sprint-Backlogs}{section.0.7}% 59
\BOOKMARK [2][-]{subsection.0.7.3}{Liste der durchgef\374hrten Meetings}{section.0.7}% 60
\BOOKMARK [2][-]{subsection.0.7.4}{Ergebnisse des Planning-Meetings}{section.0.7}% 61
\BOOKMARK [2][-]{subsection.0.7.5}{Aufgewendete Arbeitszeit pro Person+Arbeitspaket}{section.0.7}% 62
\BOOKMARK [2][-]{subsection.0.7.6}{Konkrete Code-Qualit\344t im Sprint}{section.0.7}% 63
\BOOKMARK [2][-]{subsection.0.7.7}{Konkrete Test-\334berdeckung im Sprint}{section.0.7}% 64
\BOOKMARK [2][-]{subsection.0.7.8}{Ergebnisse des Reviews}{section.0.7}% 65
\BOOKMARK [2][-]{subsection.0.7.9}{Ergebnisse der Retrospektive}{section.0.7}% 66
\BOOKMARK [2][-]{subsection.0.7.10}{Abschlie\337ende Einsch\344tzung des Product-Owners}{section.0.7}% 67
\BOOKMARK [2][-]{subsection.0.7.11}{Abschlie\337ende Einsch\344tzung des Software-Architekten}{section.0.7}% 68
\BOOKMARK [2][-]{subsection.0.7.12}{Abschlie\337ende Einsch\344tzung des Team-Managers}{section.0.7}% 69
\BOOKMARK [1][-]{section.0.8}{Sprint 5}{}% 70
\BOOKMARK [2][-]{subsection.0.8.1}{Ziel des Sprints}{section.0.8}% 71
\BOOKMARK [2][-]{subsection.0.8.2}{User-Stories des Sprint-Backlogs}{section.0.8}% 72
\BOOKMARK [2][-]{subsection.0.8.3}{Liste der durchgef\374hrten Meetings}{section.0.8}% 73
\BOOKMARK [2][-]{subsection.0.8.4}{Ergebnisse des Planning-Meetings}{section.0.8}% 74
\BOOKMARK [2][-]{subsection.0.8.5}{Aufgewendete Arbeitszeit pro Person+Arbeitspaket}{section.0.8}% 75
\BOOKMARK [2][-]{subsection.0.8.6}{Konkrete Code-Qualit\344t im Sprint}{section.0.8}% 76
\BOOKMARK [2][-]{subsection.0.8.7}{Konkrete Test-\334berdeckung im Sprint}{section.0.8}% 77
\BOOKMARK [2][-]{subsection.0.8.8}{Ergebnisse des Reviews}{section.0.8}% 78
\BOOKMARK [2][-]{subsection.0.8.9}{Ergebnisse der Retrospektive}{section.0.8}% 79
\BOOKMARK [2][-]{subsection.0.8.10}{Abschlie\337ende Einsch\344tzung des Product-Owners}{section.0.8}% 80
\BOOKMARK [2][-]{subsection.0.8.11}{Abschlie\337ende Einsch\344tzung des Software-Architekten}{section.0.8}% 81
\BOOKMARK [2][-]{subsection.0.8.12}{Abschlie\337ende Einsch\344tzung des Team-Managers}{section.0.8}% 82
\BOOKMARK [1][-]{section.0.9}{Sprint 6}{}% 83
\BOOKMARK [2][-]{subsection.0.9.1}{Ziel des Sprints}{section.0.9}% 84
\BOOKMARK [2][-]{subsection.0.9.2}{User-Stories des Sprint-Backlogs}{section.0.9}% 85
\BOOKMARK [2][-]{subsection.0.9.3}{Liste der durchgef\374hrten Meetings}{section.0.9}% 86
\BOOKMARK [2][-]{subsection.0.9.4}{Ergebnisse des Planning-Meetings}{section.0.9}% 87
\BOOKMARK [2][-]{subsection.0.9.5}{Aufgewendete Arbeitszeit pro Person+Arbeitspaket}{section.0.9}% 88
\BOOKMARK [2][-]{subsection.0.9.6}{Konkrete Test-\334berdeckung im Sprint}{section.0.9}% 89
\BOOKMARK [2][-]{subsection.0.9.7}{Ergebnisse des Reviews}{section.0.9}% 90
\BOOKMARK [2][-]{subsection.0.9.8}{Ergebnisse der Retrospektive}{section.0.9}% 91
\BOOKMARK [2][-]{subsection.0.9.9}{Abschlie\337ende Einsch\344tzung des Product-Owners}{section.0.9}% 92
\BOOKMARK [2][-]{subsection.0.9.10}{Abschlie\337ende Einsch\344tzung des Software-Architekten}{section.0.9}% 93
\BOOKMARK [2][-]{subsection.0.9.11}{Abschlie\337ende Einsch\344tzung des Team-Managers}{section.0.9}% 94
\BOOKMARK [1][-]{section.0.10}{Sprint 7}{}% 95
\BOOKMARK [2][-]{subsection.0.10.1}{Ziel des Sprints}{section.0.10}% 96
\BOOKMARK [2][-]{subsection.0.10.2}{User-Stories des Sprint-Backlogs}{section.0.10}% 97
\BOOKMARK [2][-]{subsection.0.10.3}{Liste der durchgef\374hrten Meetings}{section.0.10}% 98
\BOOKMARK [2][-]{subsection.0.10.4}{Ergebnisse des Planning-Meetings}{section.0.10}% 99
\BOOKMARK [2][-]{subsection.0.10.5}{Aufgewendete Arbeitszeit pro Person+Arbeitspaket}{section.0.10}% 100
\BOOKMARK [2][-]{subsection.0.10.6}{Konkrete Code-Qualit\344t im Sprint}{section.0.10}% 101
\BOOKMARK [2][-]{subsection.0.10.7}{Konkrete Test-\334berdeckung im Sprint}{section.0.10}% 102
\BOOKMARK [2][-]{subsection.0.10.8}{Ergebnisse des Reviews}{section.0.10}% 103
\BOOKMARK [2][-]{subsection.0.10.9}{Ergebnisse der Retrospektive}{section.0.10}% 104
\BOOKMARK [2][-]{subsection.0.10.10}{Abschlie\337ende Einsch\344tzung des Product-Owners}{section.0.10}% 105
\BOOKMARK [2][-]{subsection.0.10.11}{Abschlie\337ende Einsch\344tzung des Software-Architekten}{section.0.10}% 106
\BOOKMARK [2][-]{subsection.0.10.12}{Abschlie\337ende Einsch\344tzung des Team-Managers}{section.0.10}% 107
\BOOKMARK [1][-]{section.0.11}{Sprint 8}{}% 108
\BOOKMARK [2][-]{subsection.0.11.1}{Ziel des Sprints}{section.0.11}% 109
\BOOKMARK [2][-]{subsection.0.11.2}{User-Stories des Sprint-Backlogs}{section.0.11}% 110
\BOOKMARK [2][-]{subsection.0.11.3}{Liste der durchgef\374hrten Meetings}{section.0.11}% 111
\BOOKMARK [2][-]{subsection.0.11.4}{Ergebnisse des Planning-Meetings}{section.0.11}% 112
\BOOKMARK [2][-]{subsection.0.11.5}{Aufgewendete Arbeitszeit pro Person+Arbeitspaket}{section.0.11}% 113
\BOOKMARK [2][-]{subsection.0.11.6}{Konkrete Code-Qualit\344t im Sprint}{section.0.11}% 114
\BOOKMARK [2][-]{subsection.0.11.7}{Ergebnisse des Reviews}{section.0.11}% 115
\BOOKMARK [2][-]{subsection.0.11.8}{Ergebnisse der Retrospektive}{section.0.11}% 116
\BOOKMARK [2][-]{subsection.0.11.9}{Abschlie\337ende Einsch\344tzung des Product-Owners}{section.0.11}% 117
\BOOKMARK [2][-]{subsection.0.11.10}{Abschlie\337ende Einsch\344tzung des Software-Architekten}{section.0.11}% 118
\BOOKMARK [2][-]{subsection.0.11.11}{Abschlie\337ende Einsch\344tzung des Team-Managers}{section.0.11}% 119
\BOOKMARK [1][-]{section.0.12}{Sprint 9}{}% 120
\BOOKMARK [2][-]{subsection.0.12.1}{Ziel des Sprints}{section.0.12}% 121
\BOOKMARK [2][-]{subsection.0.12.2}{User-Stories des Sprint-Backlogs}{section.0.12}% 122
\BOOKMARK [2][-]{subsection.0.12.3}{Liste der durchgef\374hrten Meetings}{section.0.12}% 123
\BOOKMARK [2][-]{subsection.0.12.4}{Ergebnisse des Planning-Meetings}{section.0.12}% 124
\BOOKMARK [2][-]{subsection.0.12.5}{Aufgewendete Arbeitszeit pro Person+Arbeitspaket}{section.0.12}% 125
\BOOKMARK [2][-]{subsection.0.12.6}{Konkrete Code-Qualit\344t im Sprint}{section.0.12}% 126
\BOOKMARK [2][-]{subsection.0.12.7}{Konkrete Test-\334berdeckung im Sprint}{section.0.12}% 127
\BOOKMARK [2][-]{subsection.0.12.8}{Ergebnisse des Reviews}{section.0.12}% 128
\BOOKMARK [2][-]{subsection.0.12.9}{Ergebnisse der Retrospektive}{section.0.12}% 129
\BOOKMARK [2][-]{subsection.0.12.10}{Abschlie\337ende Einsch\344tzung des Product-Owners}{section.0.12}% 130
\BOOKMARK [2][-]{subsection.0.12.11}{Abschlie\337ende Einsch\344tzung des Software-Architekten}{section.0.12}% 131
\BOOKMARK [2][-]{subsection.0.12.12}{Abschlie\337ende Einsch\344tzung des Team-Managers}{section.0.12}% 132
\BOOKMARK [1][-]{section.0.13}{Dokumentation}{}% 133
\BOOKMARK [2][-]{subsection.0.13.1}{Handbuch}{section.0.13}% 134
\BOOKMARK [2][-]{subsection.0.13.2}{Installationsanleitung}{section.0.13}% 135
\BOOKMARK [2][-]{subsection.0.13.3}{Software-Lizenz}{section.0.13}% 136
\BOOKMARK [1][-]{section.0.14}{Projektabschluss}{}% 137
\BOOKMARK [2][-]{subsection.0.14.1}{Protokoll der Abnahme und Inbetriebnahme beim Kunden}{section.0.14}% 138
\BOOKMARK [2][-]{subsection.0.14.2}{Pr\344sentation auf der Messe}{section.0.14}% 139
\BOOKMARK [2][-]{subsection.0.14.3}{Abschlie\337ende Einsch\344tzung durch Product-Owner}{section.0.14}% 140
\BOOKMARK [2][-]{subsection.0.14.4}{Protokoll der Abnahme und Inbetriebnahme beim Kunden}{section.0.14}% 141
\BOOKMARK [2][-]{subsection.0.14.5}{Abschlie\337ende Einsch\344tzung durch Team-Manager}{section.0.14}% 142
